2017-12-05 17:15:06 - Starting SbLogbackDemoApplication on Juhi with PID 5584 (D:\SpringPractice\SB_LogbackDemo\target\classes started by juhis in D:\SpringPractice\SB_LogbackDemo)
2017-12-05 17:15:06 - No active profile set, falling back to default profiles: default
2017-12-05 17:15:06 - HV000001: Hibernate Validator 5.3.6.Final
2017-12-05 17:15:06 - Refreshing org.springframework.boot.context.embedded.AnnotationConfigEmbeddedWebApplicationContext@11302d6: startup date [Tue Dec 05 17:15:06 IST 2017]; root of context hierarchy
2017-12-05 17:15:07 - Tomcat initialized with port(s): 8080 (http)
2017-12-05 17:15:07 - Starting service [Tomcat]
2017-12-05 17:15:07 - Starting Servlet Engine: Apache Tomcat/8.5.23
2017-12-05 17:15:07 - Initializing Spring embedded WebApplicationContext
2017-12-05 17:15:07 - Root WebApplicationContext: initialization completed in 1638 ms
2017-12-05 17:15:08 - Mapping servlet: 'dispatcherServlet' to [/]
2017-12-05 17:15:08 - Mapping filter: 'characterEncodingFilter' to: [/*]
2017-12-05 17:15:08 - Mapping filter: 'hiddenHttpMethodFilter' to: [/*]
2017-12-05 17:15:08 - Mapping filter: 'httpPutFormContentFilter' to: [/*]
2017-12-05 17:15:08 - Mapping filter: 'requestContextFilter' to: [/*]
2017-12-05 17:15:08 - Looking for @ControllerAdvice: org.springframework.boot.context.embedded.AnnotationConfigEmbeddedWebApplicationContext@11302d6: startup date [Tue Dec 05 17:15:06 IST 2017]; root of context hierarchy
2017-12-05 17:15:08 - Mapped "{[/home],methods=[GET]}" onto java.lang.String com.mysb.logback.controller.HomeController.home()
2017-12-05 17:15:08 - Mapped "{[/error],produces=[text/html]}" onto public org.springframework.web.servlet.ModelAndView org.springframework.boot.autoconfigure.web.BasicErrorController.errorHtml(javax.servlet.http.HttpServletRequest,javax.servlet.http.HttpServletResponse)
2017-12-05 17:15:08 - Mapped "{[/error]}" onto public org.springframework.http.ResponseEntity<java.util.Map<java.lang.String, java.lang.Object>> org.springframework.boot.autoconfigure.web.BasicErrorController.error(javax.servlet.http.HttpServletRequest)
2017-12-05 17:15:08 - Mapped URL path [/webjars/**] onto handler of type [class org.springframework.web.servlet.resource.ResourceHttpRequestHandler]
2017-12-05 17:15:08 - Mapped URL path [/**] onto handler of type [class org.springframework.web.servlet.resource.ResourceHttpRequestHandler]
2017-12-05 17:15:08 - Mapped URL path [/**/favicon.ico] onto handler of type [class org.springframework.web.servlet.resource.ResourceHttpRequestHandler]
2017-12-05 17:15:08 - Registering beans for JMX exposure on startup
2017-12-05 17:15:08 - Initializing ProtocolHandler ["http-nio-8080"]
2017-12-05 17:15:08 - Starting ProtocolHandler ["http-nio-8080"]
2017-12-05 17:15:08 - Using a shared selector for servlet write/read
2017-12-05 17:15:08 - Tomcat started on port(s): 8080 (http)
2017-12-05 17:15:08 - Started SbLogbackDemoApplication in 3.121 seconds (JVM running for 4.005)
2017-12-05 17:15:08 - log starts :: from main
2017-12-05 17:15:08 - for loop :: main :: 0
2017-12-05 17:15:08 - for loop :: main :: 1
2017-12-05 17:15:08 - for loop :: main :: 2
2017-12-05 17:15:08 - for loop :: main :: 3
2017-12-05 17:15:08 - for loop :: main :: 4
2017-12-05 17:15:08 - for loop :: main :: 5
2017-12-05 17:15:08 - for loop :: main :: 6
2017-12-05 17:15:08 - for loop :: main :: 7
2017-12-05 17:15:08 - for loop :: main :: 8
2017-12-05 17:15:08 - for loop :: main :: 9
2017-12-05 17:15:08 - for loop :: main :: 10
2017-12-05 17:15:28 - Initializing Spring FrameworkServlet 'dispatcherServlet'
2017-12-05 17:15:28 - FrameworkServlet 'dispatcherServlet': initialization started
2017-12-05 17:15:28 - FrameworkServlet 'dispatcherServlet': initialization completed in 110 ms
2017-12-05 17:15:28 - for loop :: home :: 0
2017-12-05 17:15:28 - for loop :: home :: 1
2017-12-05 17:15:28 - for loop :: home :: 2
2017-12-05 17:15:28 - for loop :: home :: 3
2017-12-05 17:15:28 - for loop :: home :: 4
2017-12-05 17:15:28 - for loop :: home :: 5
2017-12-05 17:15:28 - for loop :: home :: 6
2017-12-05 17:15:28 - for loop :: home :: 7
2017-12-05 17:15:28 - for loop :: home :: 8
2017-12-05 17:15:28 - for loop :: home :: 9
2017-12-05 17:15:28 - for loop :: home :: 10
